# JRE version: OpenJDK Runtime Environment (11.0.8) (build 11.0.8+0-b944-P17168821)
# Java VM: OpenJDK 64-Bit Server VM (11.0.8+0-b944-6842174, mixed mode, tiered, compressed oops, g1 gc, linux-amd64)
Heap:
 garbage-first heap   total 638976K, used 210929K [0x0000000080000000, 0x0000000100000000)
  region size 1024K, 2 young (2048K), 2 survivors (2048K)
 Metaspace       used 195072K, capacity 199378K, committed 200652K, reserved 1224704K
  class space    used 23793K, capacity 25341K, committed 25804K, reserved 1048576K
GC Heap History (20 events):
Event: 7495.115 GC heap after
{Heap after GC invocations=208 (full 0):
 garbage-first heap   total 319488K, used 208528K [0x0000000080000000, 0x0000000100000000)
  region size 1024K, 1 young (1024K), 1 survivors (1024K)
 Metaspace       used 193771K, capacity 198445K, committed 198732K, reserved 1222656K
  class space    used 23856K, capacity 25552K, committed 25676K, reserved 1048576K
}
Event: 7496.189 GC heap before
{Heap before GC invocations=208 (full 0):
 garbage-first heap   total 319488K, used 221840K [0x0000000080000000, 0x0000000100000000)
  region size 1024K, 15 young (15360K), 1 survivors (1024K)
 Metaspace       used 194229K, capacity 198939K, committed 199244K, reserved 1222656K
  class space    used 23884K, capacity 25587K, committed 25676K, reserved 1048576K
}
Event: 7496.225 GC heap after
{Heap after GC invocations=209 (full 0):
 garbage-first heap   total 319488K, used 208977K [0x0000000080000000, 0x0000000100000000)
  region size 1024K, 2 young (2048K), 2 survivors (2048K)
 Metaspace       used 194229K, capacity 198939K, committed 199244K, reserved 1222656K
  class space    used 23884K, capacity 25587K, committed 25676K, reserved 1048576K
}
Event: 7511.301 GC heap before
{Heap before GC invocations=209 (full 0):
 garbage-first heap   total 319488K, used 250961K [0x0000000080000000, 0x0000000100000000)
  region size 1024K, 44 young (45056K), 2 survivors (2048K)
 Metaspace       used 195003K, capacity 199714K, committed 200012K, reserved 1224704K
  class space    used 23951K, capacity 25651K, committed 25676K, reserved 1048576K
}
Event: 7516.138 GC heap after
{Heap after GC invocations=210 (full 0):
 garbage-first heap   total 319488K, used 211327K [0x0000000080000000, 0x0000000100000000)
  region size 1024K, 4 young (4096K), 4 survivors (4096K)
 Metaspace       used 195003K, capacity 199714K, committed 200012K, reserved 1224704K
  class space    used 23951K, capacity 25651K, committed 25676K, reserved 1048576K
}
Event: 7518.555 GC heap before
{Heap before GC invocations=211 (full 0):
 garbage-first heap   total 319488K, used 222591K [0x0000000080000000, 0x0000000100000000)
  region size 1024K, 15 young (15360K), 4 survivors (4096K)
 Metaspace       used 194500K, capacity 198802K, committed 200012K, reserved 1224704K
  class space    used 23768K, capacity 25327K, committed 25676K, reserved 1048576K
}
Event: 7518.563 GC heap after
{Heap after GC invocations=212 (full 0):
 garbage-first heap   total 319488K, used 211858K [0x0000000080000000, 0x0000000100000000)
  region size 1024K, 2 young (2048K), 2 survivors (2048K)
 Metaspace       used 194500K, capacity 198802K, committed 200012K, reserved 1224704K
  class space    used 23768K, capacity 25327K, committed 25676K, reserved 1048576K
}
Event: 7521.226 GC heap before
{Heap before GC invocations=212 (full 0):
 garbage-first heap   total 319488K, used 225170K [0x0000000080000000, 0x0000000100000000)
  region size 1024K, 15 young (15360K), 2 survivors (2048K)
 Metaspace       used 194602K, capacity 198966K, committed 200140K, reserved 1224704K
  class space    used 23775K, capacity 25359K, committed 25804K, reserved 1048576K
}
Event: 7521.237 GC heap after
{Heap after GC invocations=213 (full 0):
 garbage-first heap   total 319488K, used 209455K [0x0000000080000000, 0x0000000100000000)
  region size 1024K, 2 young (2048K), 2 survivors (2048K)
 Metaspace       used 194602K, capacity 198966K, committed 200140K, reserved 1224704K
  class space    used 23775K, capacity 25359K, committed 25804K, reserved 1048576K
}
Event: 7522.492 GC heap before
{Heap before GC invocations=213 (full 0):
 garbage-first heap   total 319488K, used 222767K [0x0000000080000000, 0x0000000100000000)
  region size 1024K, 15 young (15360K), 2 survivors (2048K)
 Metaspace       used 194717K, capacity 199032K, committed 200396K, reserved 1224704K
  class space    used 23793K, capacity 25359K, committed 25804K, reserved 1048576K
}
Event: 7522.498 GC heap after
{Heap after GC invocations=214 (full 0):
 garbage-first heap   total 319488K, used 209932K [0x0000000080000000, 0x0000000100000000)
  region size 1024K, 2 young (2048K), 2 survivors (2048K)
 Metaspace       used 194717K, capacity 199032K, committed 200396K, reserved 1224704K
  class space    used 23793K, capacity 25359K, committed 25804K, reserved 1048576K
}
Event: 7524.855 GC heap before
{Heap before GC invocations=215 (full 0):
 garbage-first heap   total 319488K, used 223244K [0x0000000080000000, 0x0000000100000000)
  region size 1024K, 15 young (15360K), 2 survivors (2048K)
 Metaspace       used 194797K, capacity 199116K, committed 200396K, reserved 1224704K
  class space    used 23790K, capacity 25341K, committed 25804K, reserved 1048576K
}
Event: 7524.861 GC heap after
{Heap after GC invocations=216 (full 0):
 garbage-first heap   total 319488K, used 210557K [0x0000000080000000, 0x0000000100000000)
  region size 1024K, 2 young (2048K), 2 survivors (2048K)
 Metaspace       used 194797K, capacity 199116K, committed 200396K, reserved 1224704K
  class space    used 23790K, capacity 25341K, committed 25804K, reserved 1048576K
}
Event: 7525.250 GC heap before
{Heap before GC invocations=216 (full 0):
 garbage-first heap   total 319488K, used 223869K [0x0000000080000000, 0x0000000100000000)
  region size 1024K, 15 young (15360K), 2 survivors (2048K)
 Metaspace       used 194833K, capacity 199116K, committed 200396K, reserved 1224704K
  class space    used 23792K, capacity 25341K, committed 25804K, reserved 1048576K
}
Event: 7525.256 GC heap after
{Heap after GC invocations=217 (full 0):
 garbage-first heap   total 319488K, used 210076K [0x0000000080000000, 0x0000000100000000)
  region size 1024K, 2 young (2048K), 2 survivors (2048K)
 Metaspace       used 194833K, capacity 199116K, committed 200396K, reserved 1224704K
  class space    used 23792K, capacity 25341K, committed 25804K, reserved 1048576K
}
Event: 7525.612 GC heap before
{Heap before GC invocations=217 (full 0):
 garbage-first heap   total 319488K, used 223388K [0x0000000080000000, 0x0000000100000000)
  region size 1024K, 15 young (15360K), 2 survivors (2048K)
 Metaspace       used 194870K, capacity 199182K, committed 200396K, reserved 1224704K
  class space    used 23792K, capacity 25341K, committed 25804K, reserved 1048576K
}
Event: 7525.616 GC heap after
{Heap after GC invocations=218 (full 0):
 garbage-first heap   total 319488K, used 210574K [0x0000000080000000, 0x0000000100000000)
  region size 1024K, 1 young (1024K), 1 survivors (1024K)
 Metaspace       used 194870K, capacity 199182K, committed 200396K, reserved 1224704K
  class space    used 23792K, capacity 25341K, committed 25804K, reserved 1048576K
}
Event: 7525.933 GC heap before
{Heap before GC invocations=218 (full 0):
 garbage-first heap   total 319488K, used 224910K [0x0000000080000000, 0x0000000100000000)
  region size 1024K, 15 young (15360K), 1 survivors (1024K)
 Metaspace       used 194951K, capacity 199250K, committed 200652K, reserved 1224704K
  class space    used 23792K, capacity 25341K, committed 25804K, reserved 1048576K
}
Event: 7525.944 GC heap after
{Heap after GC invocations=219 (full 0):
 garbage-first heap   total 319488K, used 210778K [0x0000000080000000, 0x0000000100000000)
  region size 1024K, 2 young (2048K), 2 survivors (2048K)
 Metaspace       used 194951K, capacity 199250K, committed 200652K, reserved 1224704K
  class space    used 23792K, capacity 25341K, committed 25804K, reserved 1048576K
}
Event: 7526.514 GC heap before
{Heap before GC invocations=220 (full 0):
 garbage-first heap   total 319488K, used 224090K [0x0000000080000000, 0x0000000100000000)
  region size 1024K, 15 young (15360K), 2 survivors (2048K)
 Metaspace       used 195072K, capacity 199378K, committed 200652K, reserved 1224704K
  class space    used 23793K, capacity 25341K, committed 25804K, reserved 1048576K
}

